d:\anupam\node-based-image-processor\node-based-image-processor\x64\release\vc143.pdb
d:\anupam\node-based-image-processor\node-based-image-processor\x64\release\outputnode.obj
d:\anupam\node-based-image-processor\node-based-image-processor\x64\release\nodeui.obj
d:\anupam\node-based-image-processor\node-based-image-processor\x64\release\nodegraph.obj
d:\anupam\node-based-image-processor\node-based-image-processor\x64\release\nodefactory.obj
d:\anupam\node-based-image-processor\node-based-image-processor\x64\release\imageinputnode.obj
d:\anupam\node-based-image-processor\node-based-image-processor\x64\release\thresholdnode.obj
d:\anupam\node-based-image-processor\node-based-image-processor\x64\release\noisenode.obj
d:\anupam\node-based-image-processor\node-based-image-processor\x64\release\grayscalenode.obj
d:\anupam\node-based-image-processor\node-based-image-processor\x64\release\edgedetectionnode.obj
d:\anupam\node-based-image-processor\node-based-image-processor\x64\release\convolutionnode.obj
d:\anupam\node-based-image-processor\node-based-image-processor\x64\release\colorchannelsplitternode.obj
d:\anupam\node-based-image-processor\node-based-image-processor\x64\release\brightnesscontrastnode.obj
d:\anupam\node-based-image-processor\node-based-image-processor\x64\release\blurnode.obj
d:\anupam\node-based-image-processor\node-based-image-processor\x64\release\blendnode.obj
d:\anupam\node-based-image-processor\node-based-image-processor\x64\release\connection.obj
d:\anupam\node-based-image-processor\node-based-image-processor\x64\release\basenode.obj
d:\anupam\node-based-image-processor\node-based-image-processor\x64\release\main.obj
d:\anupam\node-based-image-processor\node-based-image-processor\x64\release\app.obj
d:\anupam\node-based-image-processor\x64\release\node-based-image-processor.exe
d:\anupam\node-based-image-processor\x64\release\node-based-image-processor.pdb
d:\anupam\node-based-image-processor\x64\release\glew32.dll
d:\anupam\node-based-image-processor\x64\release\glfw3.dll
d:\anupam\node-based-image-processor\x64\release\opencv_core4.dll
d:\anupam\node-based-image-processor\x64\release\zlib1.dll
d:\anupam\node-based-image-processor\x64\release\opencv_imgcodecs4.dll
d:\anupam\node-based-image-processor\x64\release\opencv_imgproc4.dll
d:\anupam\node-based-image-processor\x64\release\jpeg62.dll
d:\anupam\node-based-image-processor\x64\release\libwebpdecoder.dll
d:\anupam\node-based-image-processor\x64\release\libwebp.dll
d:\anupam\node-based-image-processor\x64\release\libsharpyuv.dll
d:\anupam\node-based-image-processor\x64\release\libwebpdemux.dll
d:\anupam\node-based-image-processor\x64\release\libwebpmux.dll
d:\anupam\node-based-image-processor\x64\release\libpng16.dll
d:\anupam\node-based-image-processor\x64\release\tiff.dll
d:\anupam\node-based-image-processor\x64\release\liblzma.dll
d:\anupam\node-based-image-processor\node-based-image-processor\x64\release\node-based-image-processor.ipdb
d:\anupam\node-based-image-processor\node-based-image-processor\x64\release\node-based-image-processor.iobj
d:\anupam\node-based-image-processor\node-based-image-processor\x64\release\node-bas.9c921a2c.tlog\cl.command.1.tlog
d:\anupam\node-based-image-processor\node-based-image-processor\x64\release\node-bas.9c921a2c.tlog\cl.items.tlog
d:\anupam\node-based-image-processor\node-based-image-processor\x64\release\node-bas.9c921a2c.tlog\cl.read.1.tlog
d:\anupam\node-based-image-processor\node-based-image-processor\x64\release\node-bas.9c921a2c.tlog\cl.write.1.tlog
d:\anupam\node-based-image-processor\node-based-image-processor\x64\release\node-bas.9c921a2c.tlog\link.command.1.tlog
d:\anupam\node-based-image-processor\node-based-image-processor\x64\release\node-bas.9c921a2c.tlog\link.read.1.tlog
d:\anupam\node-based-image-processor\node-based-image-processor\x64\release\node-bas.9c921a2c.tlog\link.secondary.1.tlog
d:\anupam\node-based-image-processor\node-based-image-processor\x64\release\node-bas.9c921a2c.tlog\link.write.1.tlog
d:\anupam\node-based-image-processor\node-based-image-processor\x64\release\node-bas.9c921a2c.tlog\node-based-image-processor.write.1u.tlog
